\BOOKMARK [1][-]{section.1}{\376\377\004\034\004\036\004\024\004\025\004\033\004\030\004\040\004\036\004\022\004\020\004\035\004\030\004\025\000\040\004\035\004\025\004\037\004\040\004\025\004\040\004\053\004\022\004\035\004\053\004\045\000\040\004\041\004\030\004\041\004\042\004\025\004\034}{}% 1
\BOOKMARK [2][-]{subsection.1.1}{\376\377\004\024\004\070\004\104\004\104\004\065\004\100\004\065\004\075\004\106\004\070\004\060\004\073\004\114\004\075\004\113\004\065\000\040\004\103\004\100\004\060\004\062\004\075\004\065\004\075\004\070\004\117\000\040\004\077\004\065\004\100\004\062\004\076\004\063\004\076\000\040\004\077\004\076\004\100\004\117\004\064\004\072\004\060}{section.1}% 2
\BOOKMARK [3][-]{subsubsection.1.1.1}{\376\377\004\037\004\076\004\101\004\102\004\060\004\075\004\076\004\062\004\072\004\060\000\040\004\067\004\060\004\064\004\060\004\107\004\070}{subsection.1.1}% 3
\BOOKMARK [3][-]{subsubsection.1.1.2}{\376\377\004\032\004\076\004\064}{subsection.1.1}% 4
\BOOKMARK [3][-]{subsubsection.1.1.3}{\376\377\004\040\004\065\004\067\004\103\004\073\004\114\004\102\004\060\004\102}{subsection.1.1}% 5
\BOOKMARK [2][-]{subsection.1.2}{\376\377\004\041\004\070\004\101\004\102\004\065\004\074\004\113\000\040\004\064\004\070\004\104\004\104\004\065\004\100\004\065\004\075\004\106\004\070\004\060\004\073\004\114\004\075\004\113\004\105\000\040\004\103\004\100\004\060\004\062\004\075\004\065\004\075\004\070\004\071}{section.1}% 6
\BOOKMARK [3][-]{subsubsection.1.2.1}{\376\377\004\037\004\076\004\101\004\102\004\060\004\075\004\076\004\062\004\072\004\060\000\040\004\067\004\060\004\064\004\060\004\107\004\070}{subsection.1.2}% 7
\BOOKMARK [3][-]{subsubsection.1.2.2}{\376\377\004\032\004\076\004\064}{subsection.1.2}% 8
\BOOKMARK [3][-]{subsubsection.1.2.3}{\376\377\004\040\004\065\004\067\004\103\004\073\004\114\004\102\004\060\004\102}{subsection.1.2}% 9
\BOOKMARK [1][-]{section.2}{\376\377\004\034\004\025\004\042\004\036\004\024\000\040\004\041\004\042\004\020\004\042\004\030\004\041\004\042\004\030\004\047\004\025\004\032\004\030\004\045\000\040\004\030\004\041\004\037\004\053\004\042\004\020\004\035\004\030\004\031}{}% 10
\BOOKMARK [2][-]{subsection.2.1}{\376\377\004\040\004\060\004\062\004\075\004\076\004\074\004\065\004\100\004\075\004\076\000\040\004\100\004\060\004\101\004\077\004\100\004\065\004\064\004\065\004\073\004\065\004\075\004\075\004\060\004\117\000\040\004\064\004\070\004\101\004\072\004\100\004\065\004\102\004\075\004\060\004\117\000\040\004\101\004\073\004\103\004\107\004\060\004\071\004\075\004\060\004\117\000\040\004\062\004\065\004\073\004\070\004\107\004\070\004\075\004\060}{section.2}% 11
\BOOKMARK [3][-]{subsubsection.2.1.1}{\376\377\004\037\004\076\004\101\004\102\004\060\004\075\004\076\004\062\004\072\004\060\000\040\004\067\004\060\004\064\004\060\004\107\004\070}{subsection.2.1}% 12
\BOOKMARK [3][-]{subsubsection.2.1.2}{\376\377\004\032\004\076\004\064}{subsection.2.1}% 13
\BOOKMARK [3][-]{subsubsection.2.1.3}{\376\377\004\040\004\065\004\067\004\103\004\073\004\114\004\102\004\060\004\102}{subsection.2.1}% 14
\BOOKMARK [2][-]{subsection.2.2}{\376\377\004\040\004\060\004\062\004\075\004\076\004\074\004\065\004\100\004\075\004\076\000\040\004\100\004\060\004\101\004\077\004\100\004\065\004\064\004\065\004\073\004\065\004\075\004\075\004\060\004\117\000\040\004\075\004\065\004\077\004\100\004\065\004\100\004\113\004\062\004\075\004\060\004\117\000\040\004\101\004\073\004\103\004\107\004\060\004\071\004\075\004\060\004\117\000\040\004\062\004\065\004\073\004\070\004\107\004\070\004\075\004\060}{section.2}% 15
\BOOKMARK [3][-]{subsubsection.2.2.1}{\376\377\004\037\004\076\004\101\004\102\004\060\004\075\004\076\004\062\004\072\004\060\000\040\004\067\004\060\004\064\004\060\004\107\004\070}{subsection.2.2}% 16
\BOOKMARK [3][-]{subsubsection.2.2.2}{\376\377\004\032\004\076\004\064}{subsection.2.2}% 17
\BOOKMARK [3][-]{subsubsection.2.2.3}{\376\377\004\040\004\065\004\067\004\103\004\073\004\114\004\102\004\060\004\102}{subsection.2.2}% 18
\BOOKMARK [2][-]{subsection.2.3}{\376\377\004\035\004\076\004\100\004\074\004\060\004\073\004\114\004\075\004\076\000\040\004\100\004\060\004\101\004\077\004\100\004\065\004\064\004\065\004\073\004\065\004\075\004\075\004\060\004\117\000\040\004\101\004\073\004\103\004\107\004\060\004\071\004\075\004\060\004\117\000\040\004\062\004\065\004\073\004\070\004\107\004\070\004\075\004\060}{section.2}% 19
\BOOKMARK [3][-]{subsubsection.2.3.1}{\376\377\004\037\004\076\004\101\004\102\004\060\004\075\004\076\004\062\004\072\004\060\000\040\004\067\004\060\004\064\004\060\004\107\004\070}{subsection.2.3}% 20
\BOOKMARK [3][-]{subsubsection.2.3.2}{\376\377\004\032\004\076\004\064}{subsection.2.3}% 21
\BOOKMARK [3][-]{subsubsection.2.3.3}{\376\377\004\040\004\065\004\067\004\103\004\073\004\114\004\102\004\060\004\102}{subsection.2.3}% 22
\BOOKMARK [2][-]{subsection.2.4}{\376\377\004\055\004\072\004\101\004\077\004\076\004\075\004\065\004\075\004\106\004\070\004\060\004\073\004\114\004\075\004\076\000\040\004\100\004\060\004\101\004\077\004\100\004\065\004\064\004\065\004\073\004\065\004\075\004\075\004\060\004\117\000\040\004\101\004\073\004\103\004\107\004\060\004\071\004\075\004\060\004\117\000\040\004\062\004\065\004\073\004\070\004\107\004\070\004\075\004\060}{section.2}% 23
\BOOKMARK [3][-]{subsubsection.2.4.1}{\376\377\004\037\004\076\004\101\004\102\004\060\004\075\004\076\004\062\004\072\004\060\000\040\004\067\004\060\004\064\004\060\004\107\004\070}{subsection.2.4}% 24
\BOOKMARK [3][-]{subsubsection.2.4.2}{\376\377\004\032\004\076\004\064}{subsection.2.4}% 25
\BOOKMARK [3][-]{subsubsection.2.4.3}{\376\377\004\040\004\065\004\067\004\103\004\073\004\114\004\102\004\060\004\102}{subsection.2.4}% 26
